[2024-01-20 13:15:40] [INFO]:
Spectator UUID: 1cf4b1c5-229c-3453-84a0-282da87c4b3a
Spectator Name: TuiLaZeroTwo
Taken         : [NETHERITE_AXE x 1]
Given         : []
Target        : caohungmcdepzai
[2024-01-20 13:17:49] [INFO]:
Spectator UUID: 1cf4b1c5-229c-3453-84a0-282da87c4b3a
Spectator Name: TuiLaZeroTwo
Taken         : []
Given         : [RAW_IRON x 64]
Target        : caohungmcdepzai
[2024-01-20 13:17:49] [INFO]:
Spectator UUID: 1cf4b1c5-229c-3453-84a0-282da87c4b3a
Spectator Name: TuiLaZeroTwo
Taken         : []
Given         : [RAW_IRON x 64]
Target        : caohungmcdepzai
[2024-01-20 13:17:57] [INFO]:
Spectator UUID: 1cf4b1c5-229c-3453-84a0-282da87c4b3a
Spectator Name: TuiLaZeroTwo
Taken         : [STONE_PICKAXE & UNSPECIFIC_META:{meta-type=UNSPECIFIC, Damage=79} x 1]
Given         : [NETHERITE_PICKAXE x 1]
Target        : caohungmcdepzai
[2024-01-20 13:17:57] [INFO]:
Spectator UUID: 1cf4b1c5-229c-3453-84a0-282da87c4b3a
Spectator Name: TuiLaZeroTwo
Taken         : [STONE_PICKAXE & UNSPECIFIC_META:{meta-type=UNSPECIFIC, Damage=79} x 1]
Given         : [NETHERITE_PICKAXE x 1]
Target        : caohungmcdepzai
[2024-01-20 13:17:57] [INFO]:
Spectator UUID: 1cf4b1c5-229c-3453-84a0-282da87c4b3a
Spectator Name: TuiLaZeroTwo
Taken         : [STONE_PICKAXE & UNSPECIFIC_META:{meta-type=UNSPECIFIC, Damage=79} x 1]
Given         : [NETHERITE_PICKAXE x 1]
Target        : caohungmcdepzai
[2024-01-20 13:18:03] [INFO]:
Spectator UUID: 1cf4b1c5-229c-3453-84a0-282da87c4b3a
Spectator Name: TuiLaZeroTwo
Taken         : [NETHERITE_PICKAXE x 1]
Given         : [STONE_PICKAXE & UNSPECIFIC_META:{meta-type=UNSPECIFIC, Damage=79} x 1]
Target        : caohungmcdepzai
[2024-01-20 13:18:03] [INFO]:
Spectator UUID: 1cf4b1c5-229c-3453-84a0-282da87c4b3a
Spectator Name: TuiLaZeroTwo
Taken         : [NETHERITE_PICKAXE x 1]
Given         : [STONE_PICKAXE & UNSPECIFIC_META:{meta-type=UNSPECIFIC, Damage=79} x 1]
Target        : caohungmcdepzai
[2024-01-20 13:18:03] [INFO]:
Spectator UUID: 1cf4b1c5-229c-3453-84a0-282da87c4b3a
Spectator Name: TuiLaZeroTwo
Taken         : [NETHERITE_PICKAXE x 1]
Given         : [STONE_PICKAXE & UNSPECIFIC_META:{meta-type=UNSPECIFIC, Damage=79} x 1]
Target        : caohungmcdepzai
[2024-01-20 13:18:03] [INFO]:
Spectator UUID: 1cf4b1c5-229c-3453-84a0-282da87c4b3a
Spectator Name: TuiLaZeroTwo
Taken         : [NETHERITE_PICKAXE x 1]
Given         : [STONE_PICKAXE & UNSPECIFIC_META:{meta-type=UNSPECIFIC, Damage=79} x 1]
Target        : caohungmcdepzai
[2024-01-20 13:18:15] [INFO]:
Spectator UUID: 1cf4b1c5-229c-3453-84a0-282da87c4b3a
Spectator Name: TuiLaZeroTwo
Taken         : [COBBLESTONE x 56]
Given         : []
Target        : caohungmcdepzai
[2024-01-20 13:18:15] [INFO]:
Spectator UUID: 1cf4b1c5-229c-3453-84a0-282da87c4b3a
Spectator Name: TuiLaZeroTwo
Taken         : [COBBLESTONE x 56]
Given         : []
Target        : caohungmcdepzai
[2024-01-20 13:18:15] [INFO]:
Spectator UUID: 1cf4b1c5-229c-3453-84a0-282da87c4b3a
Spectator Name: TuiLaZeroTwo
Taken         : [COBBLESTONE x 56]
Given         : []
Target        : caohungmcdepzai
[2024-01-20 13:18:15] [INFO]:
Spectator UUID: 1cf4b1c5-229c-3453-84a0-282da87c4b3a
Spectator Name: TuiLaZeroTwo
Taken         : [COBBLESTONE x 56]
Given         : []
Target        : caohungmcdepzai
[2024-01-20 13:18:15] [INFO]:
Spectator UUID: 1cf4b1c5-229c-3453-84a0-282da87c4b3a
Spectator Name: TuiLaZeroTwo
Taken         : [COBBLESTONE x 56]
Given         : []
Target        : caohungmcdepzai
[2024-01-20 13:19:00] [INFO]:
Spectator UUID: 1cf4b1c5-229c-3453-84a0-282da87c4b3a
Spectator Name: TuiLaZeroTwo
Taken         : [DIORITE x 1, STONE_AXE & UNSPECIFIC_META:{meta-type=UNSPECIFIC, Damage=23} x 1]
Given         : []
Target        : caohungmcdepzai
[2024-01-20 13:19:00] [INFO]:
Spectator UUID: 1cf4b1c5-229c-3453-84a0-282da87c4b3a
Spectator Name: TuiLaZeroTwo
Taken         : [DIORITE x 1, STONE_AXE & UNSPECIFIC_META:{meta-type=UNSPECIFIC, Damage=23} x 1]
Given         : []
Target        : caohungmcdepzai
[2024-01-20 13:19:00] [INFO]:
Spectator UUID: 1cf4b1c5-229c-3453-84a0-282da87c4b3a
Spectator Name: TuiLaZeroTwo
Taken         : [DIORITE x 1, STONE_AXE & UNSPECIFIC_META:{meta-type=UNSPECIFIC, Damage=23} x 1]
Given         : []
Target        : caohungmcdepzai
[2024-01-20 13:19:00] [INFO]:
Spectator UUID: 1cf4b1c5-229c-3453-84a0-282da87c4b3a
Spectator Name: TuiLaZeroTwo
Taken         : [DIORITE x 1, STONE_AXE & UNSPECIFIC_META:{meta-type=UNSPECIFIC, Damage=23} x 1]
Given         : []
Target        : caohungmcdepzai
[2024-01-20 13:19:00] [INFO]:
Spectator UUID: 1cf4b1c5-229c-3453-84a0-282da87c4b3a
Spectator Name: TuiLaZeroTwo
Taken         : [DIORITE x 1, STONE_AXE & UNSPECIFIC_META:{meta-type=UNSPECIFIC, Damage=23} x 1]
Given         : []
Target        : caohungmcdepzai
[2024-01-20 13:19:00] [INFO]:
Spectator UUID: 1cf4b1c5-229c-3453-84a0-282da87c4b3a
Spectator Name: TuiLaZeroTwo
Taken         : [DIORITE x 1, STONE_AXE & UNSPECIFIC_META:{meta-type=UNSPECIFIC, Damage=23} x 1]
Given         : []
Target        : caohungmcdepzai
[2024-01-20 13:19:00] [INFO]:
Spectator UUID: 1cf4b1c5-229c-3453-84a0-282da87c4b3a
Spectator Name: TuiLaZeroTwo
Taken         : [DIORITE x 1, STONE_AXE & UNSPECIFIC_META:{meta-type=UNSPECIFIC, Damage=23} x 1]
Given         : []
Target        : caohungmcdepzai
[2024-01-20 13:19:00] [INFO]:
Spectator UUID: 1cf4b1c5-229c-3453-84a0-282da87c4b3a
Spectator Name: TuiLaZeroTwo
Taken         : [DIORITE x 1, STONE_AXE & UNSPECIFIC_META:{meta-type=UNSPECIFIC, Damage=23} x 1]
Given         : []
Target        : caohungmcdepzai
