[Tue, 16. Jan 2024 00:14:20 UTC | ID 339831176762097664] tuilazerotwo: say hi
[Tue, 16. Jan 2024 01:09:56 UTC | ID 339831176762097664] tuilazerotwo: Tps
[Tue, 16. Jan 2024 01:10:02 UTC | ID 339831176762097664] tuilazerotwo: Ping
[Tue, 16. Jan 2024 03:46:22 UTC | ID 339831176762097664] tuilazerotwo: List
[Tue, 16. Jan 2024 03:46:31 UTC | ID 339831176762097664] tuilazerotwo: list
[Tue, 16. Jan 2024 03:52:31 UTC | ID 339831176762097664] tuilazerotwo: list
[Tue, 16. Jan 2024 03:52:42 UTC | ID 339831176762097664] tuilazerotwo: doi xiu tui vao ae
[Tue, 16. Jan 2024 03:52:54 UTC | ID 339831176762097664] tuilazerotwo: /list
[Tue, 16. Jan 2024 03:52:59 UTC | ID 339831176762097664] tuilazerotwo: list
[Tue, 16. Jan 2024 05:57:56 UTC | ID 339831176762097664] tuilazerotwo: msg @a gae
[Tue, 16. Jan 2024 05:58:05 UTC | ID 339831176762097664] tuilazerotwo: lít
[Tue, 16. Jan 2024 05:58:10 UTC | ID 339831176762097664] tuilazerotwo: lisy
[Tue, 16. Jan 2024 05:58:15 UTC | ID 339831176762097664] tuilazerotwo: list
[Tue, 16. Jan 2024 05:58:24 UTC | ID 339831176762097664] tuilazerotwo: tps
[Tue, 16. Jan 2024 05:58:39 UTC | ID 339831176762097664] tuilazerotwo: Say má onl 30 tiếng r mà sv vẫn 20 tps
[Tue, 16. Jan 2024 05:59:07 UTC | ID 339831176762097664] tuilazerotwo: Msg @a dms tlz để đc 1 xp
[Tue, 16. Jan 2024 05:59:45 UTC | ID 339831176762097664] tuilazerotwo: Xp add tuilahao2009 1
[Tue, 16. Jan 2024 05:59:54 UTC | ID 339831176762097664] tuilazerotwo: Say done
[Tue, 16. Jan 2024 06:00:01 UTC | ID 339831176762097664] tuilazerotwo: Xp add tuilahao2009 10
[Tue, 16. Jan 2024 11:54:06 GMT | ID 339831176762097664] tuilazerotwo: stop
[Tue, 16. Jan 2024 14:36:56 GMT | ID 339831176762097664] tuilazerotwo: Say hi
