15.01.2024 - 11:40:25 - [TAB v4.1.2] Something just tried to add player TuiLaHao2009 into team IDLE (expected team: 7TuiLaHao2009A)
15.01.2024 - 11:53:52 - [TAB v4.1.2] Something just tried to add player TuiLaZeroTwo into team TLZ (expected team: 7TuiLaZeroTwoA)
15.01.2024 - 11:56:35 - [TAB v4.1.2] Something just tried to add player TuiLaHao2009 into team IDLE (expected team: 7TuiLaHao2009A)
15.01.2024 - 11:56:50 - [TAB v4.1.2] Something just tried to add player TuiLaZeroTwo into team TLZ (expected team: 7TuiLaZeroTwoA)
15.01.2024 - 12:15:20 - [TAB v4.1.2] Something just tried to add player TuiLaHao2009 into team IDLE (expected team: 7TuiLaHao2009A)
15.01.2024 - 12:18:51 - [TAB v4.1.2] Something just tried to add player Hungvnplayermc into team IDLE (expected team: 7HungvnplayermcA)
15.01.2024 - 12:26:00 - [TAB v4.1.2] Something just tried to add player TuiLaHao2009 into team IDLE (expected team: 7TuiLaHao2009A)
15.01.2024 - 12:26:29 - [TAB v4.1.2] Something just tried to add player Hungvnplayermc into team IDLE (expected team: 7HungvnplayermcA)
15.01.2024 - 12:32:33 - [TAB v4.1.2] Something just tried to add player TuiLaHao2009 into team IDLE (expected team: 7TuiLaHao2009A)
15.01.2024 - 12:57:50 - [TAB v4.1.2] Something just tried to add player Hungvnplayermc into team IDLE (expected team: 7HungvnplayermcA)
15.01.2024 - 13:15:45 - [TAB v4.1.2] Something just tried to add player TuiLaHao2009 into team IDLE (expected team: 7TuiLaHao2009A)
15.01.2024 - 13:25:50 - [TAB v4.1.2] Something just tried to add player PacketSilent into team LGBT (expected team: 7PacketSilentA)
15.01.2024 - 13:30:30 - [TAB v4.1.2] Something just tried to add player Nakano_Miku_UwU into team pencakss (expected team: 7Nakano_Miku_UwA)
15.01.2024 - 13:33:06 - [TAB v4.1.2] Something just tried to add player TuiLaHao2009 into team IDLE (expected team: 7TuiLaHao2009A)
15.01.2024 - 13:34:50 - [TAB v4.1.2] Something just tried to add player Nakano_Miku_UwU into team pencakss (expected team: 7Nakano_Miku_UwA)
15.01.2024 - 13:48:41 - [TAB v4.1.2] Something just tried to add player TuiLaHao2009 into team IDLE (expected team: 7TuiLaHao2009A)
15.01.2024 - 13:49:13 - [TAB v4.1.2] Something just tried to add player PacketSilent into team LGBT (expected team: 7PacketSilentA)
15.01.2024 - 13:56:55 - [TAB v4.1.2] Something just tried to add player TuiLaHao2009 into team IDLE (expected team: 7TuiLaHao2009A)
15.01.2024 - 14:11:26 - [TAB v4.1.2] Something just tried to add player Nakano_Miku_UwU into team pencakss (expected team: 7Nakano_Miku_UwA)
15.01.2024 - 14:37:11 - [TAB v4.1.2] Something just tried to add player TuiLaHao2009 into team IDLE (expected team: 7TuiLaHao2009A)
15.01.2024 - 14:57:16 - [TAB v4.1.2] Something just tried to add player Nakano_Miku_UwU into team pencakss (expected team: 7Nakano_Miku_UwA)
15.01.2024 - 14:57:20 - [TAB v4.1.2] Something just tried to add player Hungvnplayermc into team IDLE (expected team: 7HungvnplayermcA)
15.01.2024 - 15:04:26 - [TAB v4.1.2] Something just tried to add player TuiLaZeroTwo into team TLZ (expected team: 7TuiLaZeroTwoA)
15.01.2024 - 15:12:03 - [TAB v4.1.2] Something just tried to add player TuiLaHao2009 into team IDLE (expected team: 7TuiLaHao2009A)
15.01.2024 - 15:12:14 - [TAB v4.1.2] Something just tried to add player TuiLaZeroTwo into team TLZ (expected team: 7TuiLaZeroTwoA)
15.01.2024 - 15:15:00 - [TAB v4.1.2] Something just tried to add player TuiLaHao2009 into team IDLE (expected team: 7TuiLaHao2009A)
15.01.2024 - 15:21:06 - [TAB v4.1.2] Something just tried to add player Hungvnplayermc into team IDLE (expected team: 7HungvnplayermcA)
15.01.2024 - 15:26:20 - [TAB v4.1.2] Something just tried to add player TuiLaHao2009 into team IDLE (expected team: 7TuiLaHao2009A)
16.01.2024 - 00:17:43 - [TAB v4.1.2] Something just tried to add player TuiLaZeroTwo into team TLZ (expected team: 7TuiLaZeroTwoA)
16.01.2024 - 01:45:19 - [TAB v4.1.2] Something just tried to add player TuiLaZeroTwo into team TLZ (expected team: 7TuiLaZeroTwoA)
16.01.2024 - 02:17:10 - [TAB v4.1.2] Something just tried to add player HoloP into team TLZ (expected team: 7HoloPA)
16.01.2024 - 02:20:07 - [TAB v4.1.2] Something just tried to add player TuiLaZeroTwo into team TLZ (expected team: 7TuiLaZeroTwoA)
16.01.2024 - 04:00:37 - [TAB v4.1.2] Something just tried to add player NpA_NvT into team AmongUs (expected team: 7NpA_NvTA)
16.01.2024 - 04:03:03 - [TAB v4.1.2] Something just tried to add player NpA_NvT into team AmongUs (expected team: 7NpA_NvTA)
16.01.2024 - 04:03:17 - [TAB v4.1.2] Something just tried to add player TuiLaZeroTwo into team TLZ (expected team: 7TuiLaZeroTwoA)
16.01.2024 - 04:14:15 - [TAB v4.1.2] Something just tried to add player TuiLaZeroTwo into team DenVauG (expected team: 7TuiLaZeroTwoA)
16.01.2024 - 04:16:16 - [TAB v4.1.2] Something just tried to add player TuiLaHao2009 into team IDLE (expected team: 7TuiLaHao2009A)
16.01.2024 - 04:18:05 - [TAB v4.1.2] Something just tried to add player kayto into team DenVauG (expected team: 7kaytoA)
16.01.2024 - 04:24:03 - [TAB v4.1.2] Something just tried to add player TuiLaHao2009 into team IDLE (expected team: 7TuiLaHao2009A)
16.01.2024 - 04:24:03 - [TAB v4.1.2] Something just tried to add player TuiLaHao2009 into team IDLE (expected team: 7TuiLaHao2009A)
16.01.2024 - 05:07:59 - [TAB v4.1.2] Something just tried to add player TuiLaZeroTwo into team DenVauG (expected team: 7TuiLaZeroTwoA)
16.01.2024 - 05:09:54 - [TAB v4.1.2] Something just tried to add player TuiLaHao2009 into team IDLE (expected team: 7TuiLaHao2009A)
16.01.2024 - 05:09:54 - [TAB v4.1.2] Something just tried to add player TuiLaHao2009 into team IDLE (expected team: 7TuiLaHao2009A)
16.01.2024 - 05:31:37 - [TAB v4.1.2] Something just tried to add player TuiLaHao2009 into team IDLE (expected team: 7TuiLaHao2009A)
16.01.2024 - 05:32:38 - [TAB v4.1.2] Something just tried to add player kayto into team DenVauG (expected team: 7kaytoA)
16.01.2024 - 06:18:13 - [TAB v4.1.2] Something just tried to add player TuiLaZeroTwo into team DenVauG (expected team: 7TuiLaZeroTwoA)
16.01.2024 - 06:25:57 - [TAB v4.1.2] Something just tried to add player Nakano_Miku_UwU into team pencakss (expected team: 7Nakano_Miku_UwA)
16.01.2024 - 06:41:56 - [TAB v4.1.2] Something just tried to add player TuiLaZeroTwo into team DenVauG (expected team: 7TuiLaZeroTwoA)
16.01.2024 - 06:41:57 - [TAB v4.1.2] Something just tried to add player pencakss into team pencakss (expected team: 7pencakssA)
16.01.2024 - 06:42:00 - [TAB v4.1.2] Something just tried to add player _Plaxyer into team DenVauG (expected team: 7_PlaxyerA)
16.01.2024 - 06:49:59 - [TAB v4.1.2] Something just tried to add player pencakss into team pencakss (expected team: 7pencakssA)
16.01.2024 - 06:50:14 - [TAB v4.1.2] Something just tried to add player Nakano_Miku_UwU into team pencakss (expected team: 7Nakano_Miku_UwA)
16.01.2024 - 07:00:33 - [TAB v4.1.2] Something just tried to add player kayto into team DenVauG (expected team: 7kaytoA)
16.01.2024 - 07:05:21 - [TAB v4.1.2] Something just tried to add player TuiLaHao2009 into team IDLE (expected team: 7TuiLaHao2009A)
16.01.2024 - 07:08:08 - [TAB v4.1.2] Something just tried to add player pencakss into team pencakss (expected team: 7pencakssA)
16.01.2024 - 07:08:08 - [TAB v4.1.2] Something just tried to add player pencakss into team pencakss (expected team: 7pencakssA)
16.01.2024 - 07:13:27 - [TAB v4.1.2] Something just tried to add player Nakano_Miku_UwU into team pencakss (expected team: 7Nakano_Miku_UwA)
16.01.2024 - 07:13:27 - [TAB v4.1.2] Something just tried to add player TuiLaHao2009 into team IDLE (expected team: 7TuiLaHao2009A)
16.01.2024 - 07:13:32 - [TAB v4.1.2] Something just tried to add player TuiLaZeroTwo into team DenVauG (expected team: 7TuiLaZeroTwoA)
16.01.2024 - 07:19:30 - [TAB v4.1.2] Something just tried to add player TuiLaHao2009 into team IDLE (expected team: 7TuiLaHao2009A)
16.01.2024 - 07:21:38 - [TAB v4.1.2] Something just tried to add player pencakss into team pencakss (expected team: 7pencakssA)
16.01.2024 - 07:22:05 - [TAB v4.1.2] Something just tried to add player TuiLaHao2009 into team IDLE (expected team: 7TuiLaHao2009A)
16.01.2024 - 07:35:36 - [TAB v4.1.2] Something just tried to add player kayto into team DenVauG (expected team: 7kaytoA)
16.01.2024 - 07:37:10 - [TAB v4.1.2] Something just tried to add player TuiLaHao2009 into team IDLE (expected team: 7TuiLaHao2009A)
16.01.2024 - 07:51:00 - [TAB v4.1.2] Something just tried to add player pencakss into team pencakss (expected team: 7pencakssA)
16.01.2024 - 07:57:00 - [TAB v4.1.2] Something just tried to add player pencakss into team pencakss (expected team: 7pencakssA)
16.01.2024 - 07:57:00 - [TAB v4.1.2] Something just tried to add player TuiLaZeroTwo into team DenVauG (expected team: 7TuiLaZeroTwoA)
16.01.2024 - 07:57:03 - [TAB v4.1.2] Something just tried to add player TuiLaHao2009 into team IDLE (expected team: 7TuiLaHao2009A)
16.01.2024 - 07:57:05 - [TAB v4.1.2] Something just tried to add player kayto into team DenVauG (expected team: 7kaytoA)
16.01.2024 - 08:12:18 - [TAB v4.1.2] Something just tried to add player TuiLaHao2009 into team IDLE (expected team: 7TuiLaHao2009A)
16.01.2024 - 08:12:56 - [TAB v4.1.2] Something just tried to add player TuiLaZeroTwo into team DenVauG (expected team: 7TuiLaZeroTwoA)
16.01.2024 - 08:14:38 - [TAB v4.1.2] Something just tried to add player kayto into team DenVauG (expected team: 7kaytoA)
16.01.2024 - 08:15:06 - [TAB v4.1.2] Something just tried to add player TuiLaHao2009 into team IDLE (expected team: 7TuiLaHao2009A)
16.01.2024 - 08:16:34 - [TAB v4.1.2] Something just tried to add player TuiLaZeroTwo into team DenVauG (expected team: 7TuiLaZeroTwoA)
16.01.2024 - 08:18:00 - [TAB v4.1.2] Something just tried to add player TuiLaHao2009 into team IDLE (expected team: 7TuiLaHao2009A)
16.01.2024 - 08:21:12 - [TAB v4.1.2] Something just tried to add player TuiLaZeroTwo into team DenVauG (expected team: 7TuiLaZeroTwoA)
16.01.2024 - 08:24:08 - [TAB v4.1.2] Something just tried to add player TuiLaZeroTwo into team DenVauG1 (expected team: 7TuiLaZeroTwoA)
16.01.2024 - 09:01:37 - [TAB v4.1.2] Something just tried to add player kayto into team DenVauG1 (expected team: 7kaytoA)
16.01.2024 - 10:46:10 - [TAB v4.1.2] Something just tried to add player _Plaxyer into team DenVauG1 (expected team: 7_PlaxyerA)
16.01.2024 - 11:18:46 - [TAB v4.1.2] Something just tried to add player TuiLaZeroTwo into team DenVauG1 (expected team: 7TuiLaZeroTwoA)
16.01.2024 - 12:19:34 - [TAB v4.1.2] Something just tried to add player TuiLaHao2009 into team IDLE (expected team: 7TuiLaHao2009A)
16.01.2024 - 12:19:52 - [TAB v4.1.2] Something just tried to add player kayto into team DenVauG (expected team: 7kaytoA)
16.01.2024 - 12:32:17 - [TAB v4.1.2] Something just tried to add player kayto into team DenVauG (expected team: 7kaytoA)
16.01.2024 - 13:05:24 - [TAB v4.1.2] Something just tried to add player kayto into team DenVauG (expected team: 7kaytoA)
16.01.2024 - 13:08:47 - [TAB v4.1.2] Something just tried to add player TuiLaZeroTwo into team DenVauG (expected team: 7TuiLaZeroTwoA)
16.01.2024 - 13:43:14 - [TAB v4.1.2] Something just tried to add player kayto into team DenVauG (expected team: 7kaytoA)
16.01.2024 - 13:47:56 - [TAB v4.1.2] Something just tried to add player TuiLaZeroTwo into team DenVauG (expected team: 7TuiLaZeroTwoA)
16.01.2024 - 13:57:25 - [TAB v4.1.2] Something just tried to add player kayto into team DenVauG (expected team: 7kaytoA)
16.01.2024 - 14:07:19 - [TAB v4.1.2] Something just tried to add player _Plaxyer into team DenVauG (expected team: 7_PlaxyerA)
16.01.2024 - 14:22:09 - [TAB v4.1.2] Something just tried to add player TuiLaHao2009 into team IDLE (expected team: 7TuiLaHao2009A)
16.01.2024 - 14:46:31 - [TAB v4.1.2] Something just tried to add player kayto into team DenVauG (expected team: 7kaytoA)
16.01.2024 - 14:48:01 - [TAB v4.1.2] Something just tried to add player NSBAAA into team AmongUs (expected team: 7NSBAAAA)
16.01.2024 - 14:48:29 - [TAB v4.1.2] Something just tried to add player TuiLaHao2009 into team IDLE (expected team: 7TuiLaHao2009A)
16.01.2024 - 14:49:14 - [TAB v4.1.2] Something just tried to add player NSBAAA into team AmongUs (expected team: 7NSBAAAA)
17.01.2024 - 00:01:51 - [TAB v4.1.2] Something just tried to add player kaito into team DenVauG (expected team: 7kaitoA)
17.01.2024 - 00:16:54 - [TAB v4.1.2] Something just tried to add player kayto into team DenVauG (expected team: 7kaytoA)
17.01.2024 - 01:37:12 - [TAB v4.1.2] Something just tried to add player kaito into team DenVauG (expected team: 7kaitoA)
17.01.2024 - 02:53:48 - [TAB v4.1.2] Something just tried to add player TuiLaHao2009 into team IDLE (expected team: 7TuiLaHao2009A)
17.01.2024 - 03:51:34 - [TAB v4.1.2] Something just tried to add player _Plaxyer into team DenVauG (expected team: 7_PlaxyerA)
17.01.2024 - 04:03:43 - [TAB v4.1.2] Something just tried to add player TuiLaZeroTwo into team DenVauG (expected team: 7TuiLaZeroTwoA)
17.01.2024 - 04:59:09 - [TAB v4.1.2] Something just tried to add player _Plaxyer into team DenVauG (expected team: 7_PlaxyerA)
17.01.2024 - 05:43:04 - [TAB v4.1.2] Something just tried to add player TuiLaZeroTwo into team DenVauG (expected team: 7TuiLaZeroTwoA)
17.01.2024 - 10:17:16 - [TAB v4.1.2] Something just tried to add player kaito into team DenVauG (expected team: 7kaitoA)
17.01.2024 - 10:18:41 - [TAB v4.1.2] Something just tried to add player kayto into team DenVauG (expected team: 7kaytoA)
17.01.2024 - 10:58:34 - [TAB v4.1.2] Something just tried to add player kaito into team DenVauG (expected team: 7kaitoA)
17.01.2024 - 11:10:14 - [TAB v4.1.2] Something just tried to add player Hungvnplayermc into team IDLE (expected team: 7HungvnplayermcA)
17.01.2024 - 11:34:35 - [TAB v4.1.2] Something just tried to add player Hungvnplayermc into team HungSoCute (expected team: 7HungvnplayermcA)
17.01.2024 - 11:34:35 - [TAB v4.1.2] Something just tried to add player Hungvnplayermc into team HungSoCute (expected team: 7HungvnplayermcA)
17.01.2024 - 13:24:21 - [TAB v4.1.2] Something just tried to add player kayto into team DenVauG (expected team: 7kaytoA)
18.01.2024 - 08:09:46 - [TAB v4.1.2] Something just tried to add player kayto into team DenVauG (expected team: 7kaytoA)
18.01.2024 - 11:29:27 - [TAB v4.1.2] Something just tried to add player Hungvnplayermc into team HungSoCute (expected team: 7HungvnplayermcA)
18.01.2024 - 11:48:26 - [TAB v4.1.2] Something just tried to add player kayto into team DenVauG (expected team: 7kaytoA)
18.01.2024 - 11:56:26 - [TAB v4.1.2] Something just tried to add player PacketSilent into team LGBT (expected team: 7PacketSilentA)
18.01.2024 - 12:41:06 - [TAB v4.1.2] Something just tried to add player _Plaxyer into team Sylex (expected team: 7_PlaxyerA)
18.01.2024 - 12:43:46 - [TAB v4.1.2] Something just tried to add player kayto into team doibanthan (expected team: 7kaytoA)
18.01.2024 - 13:41:09 - [TAB v4.1.2] Something just tried to add player _Plaxyer into team Sylex (expected team: 7_PlaxyerA)
18.01.2024 - 14:58:03 - [TAB v4.1.2] Something just tried to add player kayto into team doibanthan (expected team: 7kaytoA)
19.01.2024 - 00:13:29 - [TAB v4.1.2] Something just tried to add player kaito into team doibanthan (expected team: 7kaitoA)
19.01.2024 - 01:37:33 - [TAB v4.1.2] Something just tried to add player kayto into team doibanthan (expected team: 7kaytoA)
19.01.2024 - 04:07:15 - [TAB v4.1.2] Something just tried to add player TuiLaZeroTwo into team DenVauG (expected team: 7TuiLaZeroTwoA)
19.01.2024 - 04:16:49 - [TAB v4.1.2] Something just tried to add player kayto into team doibanthan (expected team: 7kaytoA)
19.01.2024 - 11:14:15 - [TAB v4.1.2] Something just tried to add player Hungvnplayermc into team HungSoCute (expected team: 7HungvnplayermcA)
19.01.2024 - 12:47:27 - [TAB v4.1.2] Something just tried to add player kayto into team doibanthan (expected team: 7kaytoA)
19.01.2024 - 13:20:42 - [TAB v4.1.2] Something just tried to add player Hungvnplayermc into team HungSoCute (expected team: 7HungvnplayermcA)
19.01.2024 - 13:29:48 - [TAB v4.1.2] Something just tried to add player kaito into team 136Kaitomc (expected team: 7kaitoA)
19.01.2024 - 13:29:48 - [TAB v4.1.2] Something just tried to add player kaito into team 136Kaitomc (expected team: 7kaitoA)
19.01.2024 - 14:11:54 - [TAB v4.1.2] Something just tried to add player Hungvnplayermc into team HungSoCute1 (expected team: 7HungvnplayermcA)
20.01.2024 - 00:13:39 - [TAB v4.1.2] Something just tried to add player kayto into team doibanthan (expected team: 7kaytoA)
20.01.2024 - 00:14:43 - [TAB v4.1.2] Something just tried to add player kaito into team 136Kaitomc (expected team: 7kaitoA)
20.01.2024 - 01:47:35 - [TAB v4.1.2] Something just tried to add player Hungvnplayermc into team HungSoCute1 (expected team: 7HungvnplayermcA)
20.01.2024 - 10:48:09 - [TAB v4.1.2] Something just tried to add player kayto into team doibanthan (expected team: 7kaytoA)
20.01.2024 - 11:13:18 - [TAB v4.1.2] Something just tried to add player kaito into team 136Kaitomc (expected team: 7kaitoA)
20.01.2024 - 11:20:56 - [TAB v4.1.2] Something just tried to add player kayto into team doibanthan (expected team: 7kaytoA)
20.01.2024 - 11:54:58 - [TAB v4.1.2] Something just tried to add player TuiLaZeroTwo into team DenVauG (expected team: 7TuiLaZeroTwoA)
20.01.2024 - 12:00:31 - [TAB v4.1.2] Something just tried to add player TuiLaZeroTwo into team LonelyG (expected team: 7TuiLaZeroTwoA)
20.01.2024 - 12:06:19 - [TAB v4.1.2] Something just tried to add player kaito into team 136Kaitomc (expected team: 7kaitoA)
20.01.2024 - 12:13:22 - [TAB v4.1.2] Something just tried to add player TuiLaZeroTwo into team LonelyG (expected team: 7TuiLaZeroTwoA)
20.01.2024 - 12:13:22 - [TAB v4.1.2] Something just tried to add player TuiLaZeroTwo into team LonelyG (expected team: 7TuiLaZeroTwoA)
20.01.2024 - 15:16:57 - [TAB v4.1.2] Something just tried to add player kayto into team doibanthan (expected team: 7kaytoA)
21.01.2024 - 01:25:42 - [TAB v4.1.2] Something just tried to add player kaito into team 136Kaitomc (expected team: 7kaitoA)
21.01.2024 - 02:38:36 - [TAB v4.1.2] Something just tried to add player Hungvnplayermc into team HungSoCute1 (expected team: 7HungvnplayermcA)
21.01.2024 - 03:05:15 - [TAB v4.1.2] Something just tried to add player kayto into team doibanthan (expected team: 7kaytoA)
21.01.2024 - 03:18:40 - [TAB v4.1.2] Something just tried to add player Hungvnplayermc into team HungSoCute1 (expected team: 7HungvnplayermcA)
21.01.2024 - 03:19:28 - [TAB v4.1.2] Something just tried to add player kaito into team 136Kaitomc (expected team: 7kaitoA)
21.01.2024 - 03:32:45 - [TAB v4.1.2] Something just tried to add player Hungvnplayermc into team HungSoCute1 (expected team: 7HungvnplayermcA)
21.01.2024 - 03:33:16 - [TAB v4.1.2] Something just tried to add player kayto into team Fo4 (expected team: 7kaytoA)
21.01.2024 - 03:33:16 - [TAB v4.1.2] Something just tried to add player kayto into team Fo4 (expected team: 7kaytoA)
21.01.2024 - 03:33:16 - [TAB v4.1.2] Something just tried to add player kayto into team Fo4 (expected team: 7kaytoA)
21.01.2024 - 03:39:28 - [TAB v4.1.2] Something just tried to add player kayto into team 2404KaytoMc (expected team: 7kaytoA)
21.01.2024 - 04:36:48 - [TAB v4.1.2] Something just tried to add player caohungmcdepzai into team bower (expected team: 7caohungmcdepzaA)
21.01.2024 - 04:37:36 - [TAB v4.1.2] Something just tried to add player Hungvnplayermc into team HungSoCute1 (expected team: 7HungvnplayermcA)
21.01.2024 - 05:00:26 - [TAB v4.1.2] Something just tried to add player caohungmcdepzai into team bower (expected team: 7caohungmcdepzaA)
21.01.2024 - 05:52:57 - [TAB v4.1.2] Something just tried to add player Hungvnplayermc into team HungSoCute1 (expected team: 7HungvnplayermcA)
21.01.2024 - 05:54:18 - [TAB v4.1.2] Something just tried to add player kayto into team 2404KaytoMc (expected team: 7kaytoA)
21.01.2024 - 07:02:25 - [TAB v4.1.2] Something just tried to add player Hungvnplayermc into team HungSoCute1 (expected team: 7HungvnplayermcA)
21.01.2024 - 09:50:06 - [TAB v4.1.2] Something just tried to add player caohungmcdepzai into team bower (expected team: 7caohungmcdepzaA)
21.01.2024 - 10:16:12 - [TAB v4.1.2] Something just tried to add player Hungvnplayermc into team HungSoCute1 (expected team: 7HungvnplayermcA)
21.01.2024 - 11:07:26 - [TAB v4.1.2] Something just tried to add player caohungmcdepzai into team bower (expected team: 7caohungmcdepzaA)
21.01.2024 - 11:35:58 - [TAB v4.1.2] Something just tried to add player kayto into team 2404KaytoMc (expected team: 7kaytoA)
21.01.2024 - 11:55:23 - [TAB v4.1.2] Something just tried to add player caohungmcdepzai into team bower (expected team: 7caohungmcdepzaA)
21.01.2024 - 12:24:38 - [TAB v4.1.2] Something just tried to add player caohungmcdepzai into team bower1 (expected team: 7caohungmcdepzaA)
21.01.2024 - 12:33:09 - [TAB v4.1.2] Something just tried to add player kayto into team 2404KaytoMc (expected team: 7kaytoA)
21.01.2024 - 13:17:50 - [TAB v4.1.2] Something just tried to add player caohungmcdepzai into team bower (expected team: 7caohungmcdepzaA)
21.01.2024 - 14:25:03 - [TAB v4.1.2] Something just tried to add player kaito into team 136Kaitomc (expected team: 7kaitoA)
21.01.2024 - 15:57:42 - [TAB v4.1.2] Something just tried to add player _Plaxyer into team Sylex1 (expected team: 7_PlaxyerA)
22.01.2024 - 00:38:04 - [TAB v4.1.2] Something just tried to add player kaito into team 136Kaitomc (expected team: 7kaitoA)
22.01.2024 - 04:55:13 - [TAB v4.1.2] Something just tried to add player caohungmcdepzai into team bower (expected team: 7caohungmcdepzaA)
22.01.2024 - 05:08:53 - [TAB v4.1.2] Something just tried to add player caohungmcdepzai into team bower (expected team: 7caohungmcdepzaA)
22.01.2024 - 05:21:34 - [TAB v4.1.2] Something just tried to add player caohungmcdepzai into team bower1 (expected team: 7caohungmcdepzaA)
22.01.2024 - 05:21:38 - [TAB v4.1.2] Something just tried to add player TuiLaZeroTwo into team LonelyG (expected team: 7TuiLaZeroTwoA)
22.01.2024 - 05:57:57 - [TAB v4.1.2] Something just tried to add player caohungmcdepzai into team bower1 (expected team: 7caohungmcdepzaA)
22.01.2024 - 10:15:33 - [TAB v4.1.2] Something just tried to add player caohungmcdepzai into team bower (expected team: 7caohungmcdepzaA)
22.01.2024 - 10:24:52 - [TAB v4.1.2] Something just tried to add player Hungvnplayermc into team HungSoCute (expected team: 7HungvnplayermcA)
22.01.2024 - 10:49:58 - [TAB v4.1.2] Something just tried to add player kayto into team 2404KaytoMc (expected team: 7kaytoA)
22.01.2024 - 11:47:26 - [TAB v4.1.2] Something just tried to add player kaito into team 136Kaitomc (expected team: 7kaitoA)
22.01.2024 - 11:51:25 - [TAB v4.1.2] Something just tried to add player TuiLaZeroTwo into team LonelyG (expected team: 7TuiLaZeroTwoA)
22.01.2024 - 12:07:13 - [TAB v4.1.2] Something just tried to add player kayto into team 2404KaytoMc (expected team: 7kaytoA)
22.01.2024 - 12:23:08 - [TAB v4.1.2] Something just tried to add player kaito into team 136Kaitomc (expected team: 7kaitoA)
22.01.2024 - 12:26:53 - [TAB v4.1.2] Something just tried to add player kayto into team 2404KaytoMc (expected team: 7kaytoA)
22.01.2024 - 12:44:46 - [TAB v4.1.2] Something just tried to add player caohungmcdepzai into team HungSoCute (expected team: 7caohungmcdepzaA)
22.01.2024 - 12:49:16 - [TAB v4.1.2] Something just tried to add player Hungvnplayermc into team HungSoCute (expected team: 7HungvnplayermcA)
23.01.2024 - 03:54:12 - [TAB v4.1.2] Something just tried to add player TuiLaZeroTwo into team LonelyG (expected team: 7TuiLaZeroTwoA)
23.01.2024 - 04:32:13 - [TAB v4.1.2] Something just tried to add player caohungmcdepzai into team HungSoCute (expected team: 7caohungmcdepzaA)
23.01.2024 - 05:41:41 - [TAB v4.1.2] Something just tried to add player caohungmcdepzai into team HungSoCute (expected team: 7caohungmcdepzaA)
23.01.2024 - 05:41:42 - [TAB v4.1.2] Something just tried to add player TuiLaZeroTwo into team LonelyG (expected team: 7TuiLaZeroTwoA)
23.01.2024 - 05:57:40 - [TAB v4.1.2] Something just tried to add player caohungmcdepzai into team HungSoCute (expected team: 7caohungmcdepzaA)
23.01.2024 - 10:54:10 - [TAB v4.1.2] Something just tried to add player Hungvnplayermc into team HungSoCute (expected team: 7HungvnplayermcA)
23.01.2024 - 12:45:02 - [TAB v4.1.2] Something just tried to add player caohungmcdepzai into team HungSoCute (expected team: 7caohungmcdepzaA)
23.01.2024 - 12:50:04 - [TAB v4.1.2] Something just tried to add player Hungvnplayermc into team HungSoCute (expected team: 7HungvnplayermcA)
23.01.2024 - 12:50:36 - [TAB v4.1.2] Something just tried to add player caohungmcdepzai into team HungSoCute (expected team: 7caohungmcdepzaA)
23.01.2024 - 12:50:48 - [TAB v4.1.2] Something just tried to add player Hungvnplayermc into team HungSoCute (expected team: 7HungvnplayermcA)
23.01.2024 - 13:14:17 - [TAB v4.1.2] Something just tried to add player caohungmcdepzai into team HungSoCute (expected team: 7caohungmcdepzaA)
23.01.2024 - 13:14:24 - [TAB v4.1.2] Something just tried to add player Hungvnplayermc into team HungSoCute (expected team: 7HungvnplayermcA)
24.01.2024 - 04:25:10 - [TAB v4.1.2] Something just tried to add player caohungmcdepzai into team HungSoCute (expected team: 7caohungmcdepzaA)
24.01.2024 - 04:37:54 - [TAB v4.1.2] Something just tried to add player TuiLaZeroTwo into team LonelyG (expected team: 7TuiLaZeroTwoA)
24.01.2024 - 05:20:18 - [TAB v4.1.2] Something just tried to add player TuiLaZeroTwo into team 7%player%A (expected team: 7TuiLaZeroTwoA)
24.01.2024 - 05:20:18 - [TAB v4.1.2] Something just tried to add player TuiLaZeroTwo into team LonelyG (expected team: 7TuiLaZeroTwoA)
24.01.2024 - 06:50:15 - [TAB v4.1.2] Something just tried to add player caohungmcdepzai into team HungSoCute (expected team: 7caohungmcdepzaA)
24.01.2024 - 11:04:18 - [TAB v4.1.2] Something just tried to add player Hungvnplayermc into team HungSoCute (expected team: 7HungvnplayermcA)
24.01.2024 - 11:54:36 - [TAB v4.1.2] Something just tried to add player caohungmcdepzai into team HungSoCute (expected team: 7caohungmcdepzaA)
24.01.2024 - 12:17:00 - [TAB v4.1.2] Something just tried to add player Hungvnplayermc into team HungSoCute (expected team: 7HungvnplayermcA)
